Compilation warnings/errors on ../sol_file/overflow_simple_add.sol:
../sol_file/overflow_simple_add.sol:1:1: Error: Source file requires different compiler version (current compiler is 0.5.0+commit.1d4f565a.Linux.g++ - note that nightly builds are considered to be strictly less than the released version
pragma solidity 0.4.24;
^---------------------^

Traceback (most recent call last):
  File "/home/charlesdjl/miniconda3/envs/slither/lib/python3.10/site-packages/crytic_compile-0.3.1-py3.10.egg/crytic_compile/platform/solc.py", line 561, in _run_solc
    ret: Dict = json.loads(stdout)
  File "/home/charlesdjl/miniconda3/envs/slither/lib/python3.10/json/__init__.py", line 346, in loads
    return _default_decoder.decode(s)
  File "/home/charlesdjl/miniconda3/envs/slither/lib/python3.10/json/decoder.py", line 337, in decode
    obj, end = self.raw_decode(s, idx=_w(s, 0).end())
  File "/home/charlesdjl/miniconda3/envs/slither/lib/python3.10/json/decoder.py", line 355, in raw_decode
    raise JSONDecodeError("Expecting value", s, err.value) from None
json.decoder.JSONDecodeError: Expecting value: line 1 column 1 (char 0)

During handling of the above exception, another exception occurred:

Traceback (most recent call last):
  File "/home/charlesdjl/miniconda3/envs/slither/lib/python3.10/site-packages/slither_analyzer-0.9.3-py3.10.egg/slither/__main__.py", line 837, in main_impl
    ) = process_all(filename, args, detector_classes, printer_classes)
  File "/home/charlesdjl/miniconda3/envs/slither/lib/python3.10/site-packages/slither_analyzer-0.9.3-py3.10.egg/slither/__main__.py", line 90, in process_all
    compilations = compile_all(target, **vars(args))
  File "/home/charlesdjl/miniconda3/envs/slither/lib/python3.10/site-packages/crytic_compile-0.3.1-py3.10.egg/crytic_compile/crytic_compile.py", line 643, in compile_all
    compilations.append(CryticCompile(target, **kwargs))
  File "/home/charlesdjl/miniconda3/envs/slither/lib/python3.10/site-packages/crytic_compile-0.3.1-py3.10.egg/crytic_compile/crytic_compile.py", line 131, in __init__
    self._compile(**kwargs)
  File "/home/charlesdjl/miniconda3/envs/slither/lib/python3.10/site-packages/crytic_compile-0.3.1-py3.10.egg/crytic_compile/crytic_compile.py", line 553, in _compile
    self._platform.compile(self, **kwargs)
  File "/home/charlesdjl/miniconda3/envs/slither/lib/python3.10/site-packages/crytic_compile-0.3.1-py3.10.egg/crytic_compile/platform/solc.py", line 156, in compile
    targets_json = _get_targets_json(compilation_unit, self._target, **kwargs)
  File "/home/charlesdjl/miniconda3/envs/slither/lib/python3.10/site-packages/crytic_compile-0.3.1-py3.10.egg/crytic_compile/platform/solc.py", line 285, in _get_targets_json
    return _run_solc(
  File "/home/charlesdjl/miniconda3/envs/slither/lib/python3.10/site-packages/crytic_compile-0.3.1-py3.10.egg/crytic_compile/platform/solc.py", line 565, in _run_solc
    raise InvalidCompilation(f"Invalid solc compilation {stderr}")
crytic_compile.platform.exceptions.InvalidCompilation: Invalid solc compilation ../sol_file/overflow_simple_add.sol:1:1: Error: Source file requires different compiler version (current compiler is 0.5.0+commit.1d4f565a.Linux.g++ - note that nightly builds are considered to be strictly less than the released version
pragma solidity 0.4.24;
^---------------------^

ERROR:root:Error in ../sol_file/overflow_simple_add.sol
ERROR:root:Traceback (most recent call last):
  File "/home/charlesdjl/miniconda3/envs/slither/lib/python3.10/site-packages/crytic_compile-0.3.1-py3.10.egg/crytic_compile/platform/solc.py", line 561, in _run_solc
    ret: Dict = json.loads(stdout)
  File "/home/charlesdjl/miniconda3/envs/slither/lib/python3.10/json/__init__.py", line 346, in loads
    return _default_decoder.decode(s)
  File "/home/charlesdjl/miniconda3/envs/slither/lib/python3.10/json/decoder.py", line 337, in decode
    obj, end = self.raw_decode(s, idx=_w(s, 0).end())
  File "/home/charlesdjl/miniconda3/envs/slither/lib/python3.10/json/decoder.py", line 355, in raw_decode
    raise JSONDecodeError("Expecting value", s, err.value) from None
json.decoder.JSONDecodeError: Expecting value: line 1 column 1 (char 0)

During handling of the above exception, another exception occurred:

Traceback (most recent call last):
  File "/home/charlesdjl/miniconda3/envs/slither/lib/python3.10/site-packages/slither_analyzer-0.9.3-py3.10.egg/slither/__main__.py", line 837, in main_impl
    ) = process_all(filename, args, detector_classes, printer_classes)
  File "/home/charlesdjl/miniconda3/envs/slither/lib/python3.10/site-packages/slither_analyzer-0.9.3-py3.10.egg/slither/__main__.py", line 90, in process_all
    compilations = compile_all(target, **vars(args))
  File "/home/charlesdjl/miniconda3/envs/slither/lib/python3.10/site-packages/crytic_compile-0.3.1-py3.10.egg/crytic_compile/crytic_compile.py", line 643, in compile_all
    compilations.append(CryticCompile(target, **kwargs))
  File "/home/charlesdjl/miniconda3/envs/slither/lib/python3.10/site-packages/crytic_compile-0.3.1-py3.10.egg/crytic_compile/crytic_compile.py", line 131, in __init__
    self._compile(**kwargs)
  File "/home/charlesdjl/miniconda3/envs/slither/lib/python3.10/site-packages/crytic_compile-0.3.1-py3.10.egg/crytic_compile/crytic_compile.py", line 553, in _compile
    self._platform.compile(self, **kwargs)
  File "/home/charlesdjl/miniconda3/envs/slither/lib/python3.10/site-packages/crytic_compile-0.3.1-py3.10.egg/crytic_compile/platform/solc.py", line 156, in compile
    targets_json = _get_targets_json(compilation_unit, self._target, **kwargs)
  File "/home/charlesdjl/miniconda3/envs/slither/lib/python3.10/site-packages/crytic_compile-0.3.1-py3.10.egg/crytic_compile/platform/solc.py", line 285, in _get_targets_json
    return _run_solc(
  File "/home/charlesdjl/miniconda3/envs/slither/lib/python3.10/site-packages/crytic_compile-0.3.1-py3.10.egg/crytic_compile/platform/solc.py", line 565, in _run_solc
    raise InvalidCompilation(f"Invalid solc compilation {stderr}")
crytic_compile.platform.exceptions.InvalidCompilation: Invalid solc compilation ../sol_file/overflow_simple_add.sol:1:1: Error: Source file requires different compiler version (current compiler is 0.5.0+commit.1d4f565a.Linux.g++ - note that nightly builds are considered to be strictly less than the released version
pragma solidity 0.4.24;
^---------------------^


分析时间：5.274800494 s
==== Integer Arithmetic Bugs ====
SWC ID: 101
Severity: High
Contract: Overflow_Add
Function name: add(uint256)
PC address: 168
Estimated Gas Usage: 6024 - 26119
The arithmetic operator can overflow.
It is possible to cause an integer overflow or underflow in the arithmetic operation. 
--------------------
In file: ../sol_file/overflow_simple_add.sol:7

balance += deposit

--------------------
Initial State:

Account: [CREATOR], balance: 0x0, nonce:0, storage:{}
Account: [ATTACKER], balance: 0x0, nonce:0, storage:{}

Transaction Sequence:

Caller: [CREATOR], calldata: , decoded_data: , value: 0x0
Caller: [ATTACKER], function: add(uint256), txdata: 0x1003e2d2ffffffffffffffffffffffffffffffffffffffffffffffffffffffffffffffff, decoded_data: (115792089237316195423570985008687907853269984665640564039457584007913129639935,), value: 0x0
